2024-02-20 03:51:58,343 DEBUG com.example.demo.aspects.LoggingAspect [http-nio-8080-exec-2] Url: http://localhost:8080/topic. HTTP method: POST. Signature: TopicController.saveTopic 
2024-02-20 03:51:58,383 DEBUG org.hibernate.engine.jdbc.spi.SqlStatementLogger [http-nio-8080-exec-2] select nextval ('user_sequence')
2024-02-20 03:51:58,400 DEBUG org.hibernate.engine.jdbc.spi.SqlStatementLogger [http-nio-8080-exec-2] insert into public.topic (author, title, user_id, topic_id) values (?, ?, ?, ?)
2024-02-20 03:52:02,397 DEBUG com.example.demo.aspects.LoggingAspect [http-nio-8080-exec-3] Url: http://localhost:8080/topics. HTTP method: GET. Signature: TopicController.getAllTopics 
2024-02-20 03:52:02,455 DEBUG org.hibernate.engine.jdbc.spi.SqlStatementLogger [http-nio-8080-exec-3] select topic0_.topic_id as topic_id1_1_, topic0_.author as author2_1_, topic0_.title as title3_1_, topic0_.user_id as user_id4_1_ from public.topic topic0_
2024-02-20 03:52:02,461 DEBUG org.hibernate.engine.jdbc.spi.SqlStatementLogger [http-nio-8080-exec-3] select user0_.user_id as user_id1_2_0_, user0_.user_login as user_log2_2_0_, user0_.user_password as user_pas3_2_0_ from public.user user0_ where user0_.user_id=?
2024-02-20 05:31:33,425 DEBUG com.example.demo.aspects.LoggingAspect [http-nio-8080-exec-1] Url: http://localhost:8080/topics. HTTP method: GET. Signature: TopicController.getAllTopics 
2024-02-20 05:31:33,488 DEBUG org.hibernate.engine.jdbc.spi.SqlStatementLogger [http-nio-8080-exec-1] select topic0_.topic_id as topic_id1_1_, topic0_.author as author2_1_, topic0_.title as title3_1_, topic0_.user_id as user_id4_1_ from public.topic topic0_
2024-02-20 05:31:33,497 DEBUG org.hibernate.engine.jdbc.spi.SqlStatementLogger [http-nio-8080-exec-1] select user0_.user_id as user_id1_2_0_, user0_.user_login as user_log2_2_0_, user0_.user_password as user_pas3_2_0_ from public.user user0_ where user0_.user_id=?
2024-02-20 05:31:38,317 DEBUG com.example.demo.aspects.LoggingAspect [http-nio-8080-exec-3] Url: http://localhost:8080/topic/1/comments. HTTP method: GET. Signature: CommentController.getComments 
2024-02-20 05:31:38,331 DEBUG org.hibernate.engine.jdbc.spi.SqlStatementLogger [http-nio-8080-exec-3] select comment0_.comment_id as comment_1_0_, comment0_.author as author2_0_, comment0_.text as text3_0_, comment0_.topic_id as topic_id4_0_ from public.comment comment0_ where comment0_.topic_id=?
2024-02-20 05:31:41,333 DEBUG com.example.demo.aspects.LoggingAspect [http-nio-8080-exec-4] Url: http://localhost:8080/topic/1. HTTP method: POST. Signature: CommentController.saveComment 
2024-02-20 05:31:41,341 DEBUG org.hibernate.engine.jdbc.spi.SqlStatementLogger [http-nio-8080-exec-4] select nextval ('user_sequence')
2024-02-20 05:31:41,354 DEBUG org.hibernate.engine.jdbc.spi.SqlStatementLogger [http-nio-8080-exec-4] insert into public.comment (author, text, topic_id, comment_id) values (?, ?, ?, ?)
2024-02-20 05:31:42,067 DEBUG com.example.demo.aspects.LoggingAspect [http-nio-8080-exec-5] Url: http://localhost:8080/topic/1. HTTP method: POST. Signature: CommentController.saveComment 
2024-02-20 05:31:42,069 DEBUG org.hibernate.engine.jdbc.spi.SqlStatementLogger [http-nio-8080-exec-5] insert into public.comment (author, text, topic_id, comment_id) values (?, ?, ?, ?)
2024-02-20 05:31:42,693 DEBUG com.example.demo.aspects.LoggingAspect [http-nio-8080-exec-6] Url: http://localhost:8080/topic/1. HTTP method: POST. Signature: CommentController.saveComment 
2024-02-20 05:31:42,695 DEBUG org.hibernate.engine.jdbc.spi.SqlStatementLogger [http-nio-8080-exec-6] insert into public.comment (author, text, topic_id, comment_id) values (?, ?, ?, ?)
2024-02-20 05:31:44,189 DEBUG com.example.demo.aspects.LoggingAspect [http-nio-8080-exec-7] Url: http://localhost:8080/topic/1/comments. HTTP method: GET. Signature: CommentController.getComments 
2024-02-20 05:31:44,190 DEBUG org.hibernate.engine.jdbc.spi.SqlStatementLogger [http-nio-8080-exec-7] select comment0_.comment_id as comment_1_0_, comment0_.author as author2_0_, comment0_.text as text3_0_, comment0_.topic_id as topic_id4_0_ from public.comment comment0_ where comment0_.topic_id=?
2024-02-20 05:31:44,192 DEBUG org.hibernate.engine.jdbc.spi.SqlStatementLogger [http-nio-8080-exec-7] select topic0_.topic_id as topic_id1_1_0_, topic0_.author as author2_1_0_, topic0_.title as title3_1_0_, topic0_.user_id as user_id4_1_0_, user1_.user_id as user_id1_2_1_, user1_.user_login as user_log2_2_1_, user1_.user_password as user_pas3_2_1_ from public.topic topic0_ left outer join public.user user1_ on topic0_.user_id=user1_.user_id where topic0_.topic_id=?
2024-02-20 05:34:00,254 DEBUG com.example.demo.aspects.LoggingAspect [http-nio-8080-exec-1] Url: http://localhost:8080/topics. HTTP method: GET. Signature: TopicController.getAllTopics 
2024-02-20 05:34:00,322 DEBUG org.hibernate.engine.jdbc.spi.SqlStatementLogger [http-nio-8080-exec-1] select topic0_.topic_id as topic_id1_1_, topic0_.author as author2_1_, topic0_.title as title3_1_, topic0_.user_id as user_id4_1_ from public.topic topic0_
2024-02-20 05:34:00,331 DEBUG org.hibernate.engine.jdbc.spi.SqlStatementLogger [http-nio-8080-exec-1] select user0_.user_id as user_id1_2_0_, user0_.user_login as user_log2_2_0_, user0_.user_password as user_pas3_2_0_ from public.user user0_ where user0_.user_id=?
2024-02-20 05:34:04,541 DEBUG com.example.demo.aspects.LoggingAspect [http-nio-8080-exec-3] Url: http://localhost:8080/topic. HTTP method: POST. Signature: TopicController.saveTopic 
2024-02-20 05:34:04,548 DEBUG org.hibernate.engine.jdbc.spi.SqlStatementLogger [http-nio-8080-exec-3] select nextval ('user_sequence')
2024-02-20 05:34:04,562 DEBUG org.hibernate.engine.jdbc.spi.SqlStatementLogger [http-nio-8080-exec-3] insert into public.topic (author, title, user_id, topic_id) values (?, ?, ?, ?)
2024-02-20 05:34:05,268 DEBUG com.example.demo.aspects.LoggingAspect [http-nio-8080-exec-4] Url: http://localhost:8080/topic. HTTP method: POST. Signature: TopicController.saveTopic 
2024-02-20 05:34:05,270 DEBUG org.hibernate.engine.jdbc.spi.SqlStatementLogger [http-nio-8080-exec-4] insert into public.topic (author, title, user_id, topic_id) values (?, ?, ?, ?)
2024-02-20 05:34:05,937 DEBUG com.example.demo.aspects.LoggingAspect [http-nio-8080-exec-5] Url: http://localhost:8080/topic. HTTP method: POST. Signature: TopicController.saveTopic 
2024-02-20 05:34:05,939 DEBUG org.hibernate.engine.jdbc.spi.SqlStatementLogger [http-nio-8080-exec-5] insert into public.topic (author, title, user_id, topic_id) values (?, ?, ?, ?)
2024-02-20 05:34:07,707 DEBUG com.example.demo.aspects.LoggingAspect [http-nio-8080-exec-6] Url: http://localhost:8080/topics. HTTP method: GET. Signature: TopicController.getAllTopics 
2024-02-20 05:34:07,709 DEBUG org.hibernate.engine.jdbc.spi.SqlStatementLogger [http-nio-8080-exec-6] select topic0_.topic_id as topic_id1_1_, topic0_.author as author2_1_, topic0_.title as title3_1_, topic0_.user_id as user_id4_1_ from public.topic topic0_
2024-02-20 05:34:07,710 DEBUG org.hibernate.engine.jdbc.spi.SqlStatementLogger [http-nio-8080-exec-6] select user0_.user_id as user_id1_2_0_, user0_.user_login as user_log2_2_0_, user0_.user_password as user_pas3_2_0_ from public.user user0_ where user0_.user_id=?
2024-02-20 06:22:05,764 DEBUG com.example.demo.aspects.LoggingAspect [http-nio-8080-exec-1] Url: http://localhost:8080/topic/1/comments. HTTP method: GET. Signature: CommentController.getComments 
2024-02-20 06:22:05,835 DEBUG org.hibernate.engine.jdbc.spi.SqlStatementLogger [http-nio-8080-exec-1] select comment0_.comment_id as comment_1_0_, comment0_.author as author2_0_, comment0_.text as text3_0_, comment0_.topic_id as topic_id4_0_ from public.comment comment0_ where comment0_.topic_id=?
2024-02-20 06:22:05,845 DEBUG org.hibernate.engine.jdbc.spi.SqlStatementLogger [http-nio-8080-exec-1] select topic0_.topic_id as topic_id1_1_0_, topic0_.author as author2_1_0_, topic0_.title as title3_1_0_, topic0_.user_id as user_id4_1_0_, user1_.user_id as user_id1_2_1_, user1_.user_login as user_log2_2_1_, user1_.user_password as user_pas3_2_1_ from public.topic topic0_ left outer join public.user user1_ on topic0_.user_id=user1_.user_id where topic0_.topic_id=?
2024-02-20 06:22:13,036 DEBUG com.example.demo.aspects.LoggingAspect [http-nio-8080-exec-3] Url: http://localhost:8080/topic/1/2. HTTP method: DELETE. Signature: CommentController.deleteComment 
2024-02-20 06:22:13,045 DEBUG org.hibernate.engine.jdbc.spi.SqlStatementLogger [http-nio-8080-exec-3] select comment0_.comment_id as comment_1_0_0_, comment0_.author as author2_0_0_, comment0_.text as text3_0_0_, comment0_.topic_id as topic_id4_0_0_, topic1_.topic_id as topic_id1_1_1_, topic1_.author as author2_1_1_, topic1_.title as title3_1_1_, topic1_.user_id as user_id4_1_1_, user2_.user_id as user_id1_2_2_, user2_.user_login as user_log2_2_2_, user2_.user_password as user_pas3_2_2_ from public.comment comment0_ left outer join public.topic topic1_ on comment0_.topic_id=topic1_.topic_id left outer join public.user user2_ on topic1_.user_id=user2_.user_id where comment0_.comment_id=?
2024-02-20 06:22:13,060 DEBUG org.hibernate.engine.jdbc.spi.SqlStatementLogger [http-nio-8080-exec-3] delete from public.comment where comment_id=?
2024-02-20 06:22:21,276 DEBUG com.example.demo.aspects.LoggingAspect [http-nio-8080-exec-4] Url: http://localhost:8080/topic/1/0. HTTP method: DELETE. Signature: CommentController.deleteComment 
2024-02-20 06:22:21,278 DEBUG org.hibernate.engine.jdbc.spi.SqlStatementLogger [http-nio-8080-exec-4] select comment0_.comment_id as comment_1_0_0_, comment0_.author as author2_0_0_, comment0_.text as text3_0_0_, comment0_.topic_id as topic_id4_0_0_, topic1_.topic_id as topic_id1_1_1_, topic1_.author as author2_1_1_, topic1_.title as title3_1_1_, topic1_.user_id as user_id4_1_1_, user2_.user_id as user_id1_2_2_, user2_.user_login as user_log2_2_2_, user2_.user_password as user_pas3_2_2_ from public.comment comment0_ left outer join public.topic topic1_ on comment0_.topic_id=topic1_.topic_id left outer join public.user user2_ on topic1_.user_id=user2_.user_id where comment0_.comment_id=?
