2024-02-15 18:58:53,151 DEBUG com.example.demo.aspects.LoggingAspect [http-nio-8080-exec-1] Url: http://localhost:8080/topic. HTTP method: POST. Signature: TopicController.saveTopic 
2024-02-15 18:58:53,183 DEBUG org.hibernate.engine.jdbc.spi.SqlStatementLogger [http-nio-8080-exec-1] select nextval ('user_sequence')
2024-02-15 18:58:53,211 DEBUG org.hibernate.engine.jdbc.spi.SqlStatementLogger [http-nio-8080-exec-1] insert into public.topic (author, title, user_id, topic_id) values (?, ?, ?, ?)
2024-02-15 18:58:57,766 DEBUG com.example.demo.aspects.LoggingAspect [http-nio-8080-exec-3] Url: http://localhost:8080/topics. HTTP method: GET. Signature: TopicController.getAllTopics 
2024-02-15 18:58:58,061 DEBUG org.hibernate.engine.jdbc.spi.SqlStatementLogger [http-nio-8080-exec-3] select topic0_.topic_id as topic_id1_1_, topic0_.author as author2_1_, topic0_.title as title3_1_, topic0_.user_id as user_id4_1_ from public.topic topic0_
2024-02-15 18:58:58,066 DEBUG org.hibernate.engine.jdbc.spi.SqlStatementLogger [http-nio-8080-exec-3] select user0_.user_id as user_id1_2_0_, user0_.user_login as user_log2_2_0_, user0_.user_password as user_pas3_2_0_ from public.user user0_ where user0_.user_id=?
2024-02-15 19:05:55,284 DEBUG com.example.demo.aspects.LoggingAspect [http-nio-8080-exec-6] Url: http://localhost:8080/topic/1. HTTP method: POST. Signature: CommentController.saveComment 
2024-02-15 19:05:55,291 DEBUG org.hibernate.engine.jdbc.spi.SqlStatementLogger [http-nio-8080-exec-6] select nextval ('user_sequence')
2024-02-15 19:05:55,292 DEBUG org.hibernate.engine.jdbc.spi.SqlStatementLogger [http-nio-8080-exec-6] insert into public.comment (author, text, topic_id, comment_id) values (?, ?, ?, ?)
2024-02-15 19:05:56,067 DEBUG com.example.demo.aspects.LoggingAspect [http-nio-8080-exec-7] Url: http://localhost:8080/topic/1. HTTP method: POST. Signature: CommentController.saveComment 
2024-02-15 19:05:56,070 DEBUG org.hibernate.engine.jdbc.spi.SqlStatementLogger [http-nio-8080-exec-7] insert into public.comment (author, text, topic_id, comment_id) values (?, ?, ?, ?)
2024-02-15 19:05:56,676 DEBUG com.example.demo.aspects.LoggingAspect [http-nio-8080-exec-8] Url: http://localhost:8080/topic/1. HTTP method: POST. Signature: CommentController.saveComment 
2024-02-15 19:05:56,678 DEBUG org.hibernate.engine.jdbc.spi.SqlStatementLogger [http-nio-8080-exec-8] insert into public.comment (author, text, topic_id, comment_id) values (?, ?, ?, ?)
2024-02-15 19:05:59,915 DEBUG com.example.demo.aspects.LoggingAspect [http-nio-8080-exec-9] Url: http://localhost:8080/topic/1/comments. HTTP method: GET. Signature: CommentController.getComments 
2024-02-15 19:05:59,922 DEBUG org.hibernate.engine.jdbc.spi.SqlStatementLogger [http-nio-8080-exec-9] select comment0_.comment_id as comment_1_0_, comment0_.author as author2_0_, comment0_.text as text3_0_, comment0_.topic_id as topic_id4_0_ from public.comment comment0_ where comment0_.topic_id=?
2024-02-15 19:05:59,925 DEBUG org.hibernate.engine.jdbc.spi.SqlStatementLogger [http-nio-8080-exec-9] select topic0_.topic_id as topic_id1_1_0_, topic0_.author as author2_1_0_, topic0_.title as title3_1_0_, topic0_.user_id as user_id4_1_0_, user1_.user_id as user_id1_2_1_, user1_.user_login as user_log2_2_1_, user1_.user_password as user_pas3_2_1_ from public.topic topic0_ left outer join public.user user1_ on topic0_.user_id=user1_.user_id where topic0_.topic_id=?
2024-02-15 19:06:12,388 DEBUG com.example.demo.aspects.LoggingAspect [http-nio-8080-exec-10] Url: http://localhost:8080/topic/1/3. HTTP method: PUT. Signature: CommentController.updateComment 
2024-02-15 19:06:12,391 DEBUG org.hibernate.engine.jdbc.spi.SqlStatementLogger [http-nio-8080-exec-10] select comment0_.comment_id as comment_1_0_0_, comment0_.author as author2_0_0_, comment0_.text as text3_0_0_, comment0_.topic_id as topic_id4_0_0_, topic1_.topic_id as topic_id1_1_1_, topic1_.author as author2_1_1_, topic1_.title as title3_1_1_, topic1_.user_id as user_id4_1_1_, user2_.user_id as user_id1_2_2_, user2_.user_login as user_log2_2_2_, user2_.user_password as user_pas3_2_2_ from public.comment comment0_ left outer join public.topic topic1_ on comment0_.topic_id=topic1_.topic_id left outer join public.user user2_ on topic1_.user_id=user2_.user_id where comment0_.comment_id=?
2024-02-15 19:06:12,398 DEBUG org.hibernate.engine.jdbc.spi.SqlStatementLogger [http-nio-8080-exec-10] update public.comment set author=?, text=?, topic_id=? where comment_id=?
2024-02-15 19:06:17,331 DEBUG com.example.demo.aspects.LoggingAspect [http-nio-8080-exec-2] Url: http://localhost:8080/topic/1/comments. HTTP method: GET. Signature: CommentController.getComments 
2024-02-15 19:06:17,332 DEBUG org.hibernate.engine.jdbc.spi.SqlStatementLogger [http-nio-8080-exec-2] select comment0_.comment_id as comment_1_0_, comment0_.author as author2_0_, comment0_.text as text3_0_, comment0_.topic_id as topic_id4_0_ from public.comment comment0_ where comment0_.topic_id=?
2024-02-15 19:06:17,334 DEBUG org.hibernate.engine.jdbc.spi.SqlStatementLogger [http-nio-8080-exec-2] select topic0_.topic_id as topic_id1_1_0_, topic0_.author as author2_1_0_, topic0_.title as title3_1_0_, topic0_.user_id as user_id4_1_0_, user1_.user_id as user_id1_2_1_, user1_.user_login as user_log2_2_1_, user1_.user_password as user_pas3_2_1_ from public.topic topic0_ left outer join public.user user1_ on topic0_.user_id=user1_.user_id where topic0_.topic_id=?
2024-02-15 19:45:35,595 DEBUG com.example.demo.aspects.LoggingAspect [http-nio-8080-exec-1] Url: http://localhost:8080/topic/1/comments. HTTP method: GET. Signature: CommentController.getComments 
2024-02-15 19:45:35,663 DEBUG org.hibernate.engine.jdbc.spi.SqlStatementLogger [http-nio-8080-exec-1] select comment0_.comment_id as comment_1_0_, comment0_.author as author2_0_, comment0_.text as text3_0_, comment0_.topic_id as topic_id4_0_ from public.comment comment0_ where comment0_.topic_id=?
2024-02-15 19:45:35,679 DEBUG org.hibernate.engine.jdbc.spi.SqlStatementLogger [http-nio-8080-exec-1] select topic0_.topic_id as topic_id1_1_0_, topic0_.author as author2_1_0_, topic0_.title as title3_1_0_, topic0_.user_id as user_id4_1_0_, user1_.user_id as user_id1_2_1_, user1_.user_login as user_log2_2_1_, user1_.user_password as user_pas3_2_1_ from public.topic topic0_ left outer join public.user user1_ on topic0_.user_id=user1_.user_id where topic0_.topic_id=?
2024-02-15 19:45:45,281 DEBUG com.example.demo.aspects.LoggingAspect [http-nio-8080-exec-2] Url: http://localhost:8080/topic/1. HTTP method: POST. Signature: CommentController.saveComment 
2024-02-15 19:45:45,292 DEBUG org.hibernate.engine.jdbc.spi.SqlStatementLogger [http-nio-8080-exec-2] select nextval ('user_sequence')
2024-02-15 19:45:45,309 DEBUG org.hibernate.engine.jdbc.spi.SqlStatementLogger [http-nio-8080-exec-2] insert into public.comment (author, text, topic_id, comment_id) values (?, ?, ?, ?)
2024-02-15 19:45:48,173 DEBUG com.example.demo.aspects.LoggingAspect [http-nio-8080-exec-4] Url: http://localhost:8080/topic/1. HTTP method: POST. Signature: CommentController.saveComment 
2024-02-15 19:45:48,176 DEBUG org.hibernate.engine.jdbc.spi.SqlStatementLogger [http-nio-8080-exec-4] insert into public.comment (author, text, topic_id, comment_id) values (?, ?, ?, ?)
2024-02-15 19:45:48,803 DEBUG com.example.demo.aspects.LoggingAspect [http-nio-8080-exec-5] Url: http://localhost:8080/topic/1. HTTP method: POST. Signature: CommentController.saveComment 
2024-02-15 19:45:48,806 DEBUG org.hibernate.engine.jdbc.spi.SqlStatementLogger [http-nio-8080-exec-5] insert into public.comment (author, text, topic_id, comment_id) values (?, ?, ?, ?)
2024-02-15 19:45:51,845 DEBUG com.example.demo.aspects.LoggingAspect [http-nio-8080-exec-6] Url: http://localhost:8080/topic/1/comments. HTTP method: GET. Signature: CommentController.getComments 
2024-02-15 19:45:51,846 DEBUG org.hibernate.engine.jdbc.spi.SqlStatementLogger [http-nio-8080-exec-6] select comment0_.comment_id as comment_1_0_, comment0_.author as author2_0_, comment0_.text as text3_0_, comment0_.topic_id as topic_id4_0_ from public.comment comment0_ where comment0_.topic_id=?
2024-02-15 19:45:51,848 DEBUG org.hibernate.engine.jdbc.spi.SqlStatementLogger [http-nio-8080-exec-6] select topic0_.topic_id as topic_id1_1_0_, topic0_.author as author2_1_0_, topic0_.title as title3_1_0_, topic0_.user_id as user_id4_1_0_, user1_.user_id as user_id1_2_1_, user1_.user_login as user_log2_2_1_, user1_.user_password as user_pas3_2_1_ from public.topic topic0_ left outer join public.user user1_ on topic0_.user_id=user1_.user_id where topic0_.topic_id=?
2024-02-15 19:46:01,281 DEBUG com.example.demo.aspects.LoggingAspect [http-nio-8080-exec-7] Url: http://localhost:8080/topic/1/2. HTTP method: PUT. Signature: CommentController.updateComment 
2024-02-15 19:46:01,285 DEBUG org.hibernate.engine.jdbc.spi.SqlStatementLogger [http-nio-8080-exec-7] select comment0_.comment_id as comment_1_0_0_, comment0_.author as author2_0_0_, comment0_.text as text3_0_0_, comment0_.topic_id as topic_id4_0_0_, topic1_.topic_id as topic_id1_1_1_, topic1_.author as author2_1_1_, topic1_.title as title3_1_1_, topic1_.user_id as user_id4_1_1_, user2_.user_id as user_id1_2_2_, user2_.user_login as user_log2_2_2_, user2_.user_password as user_pas3_2_2_ from public.comment comment0_ left outer join public.topic topic1_ on comment0_.topic_id=topic1_.topic_id left outer join public.user user2_ on topic1_.user_id=user2_.user_id where comment0_.comment_id=?
2024-02-15 19:46:01,292 DEBUG org.hibernate.engine.jdbc.spi.SqlStatementLogger [http-nio-8080-exec-7] update public.comment set author=?, text=?, topic_id=? where comment_id=?
2024-02-15 19:46:05,382 DEBUG com.example.demo.aspects.LoggingAspect [http-nio-8080-exec-8] Url: http://localhost:8080/topic/1/comments. HTTP method: GET. Signature: CommentController.getComments 
2024-02-15 19:46:05,383 DEBUG org.hibernate.engine.jdbc.spi.SqlStatementLogger [http-nio-8080-exec-8] select comment0_.comment_id as comment_1_0_, comment0_.author as author2_0_, comment0_.text as text3_0_, comment0_.topic_id as topic_id4_0_ from public.comment comment0_ where comment0_.topic_id=?
2024-02-15 19:46:05,386 DEBUG org.hibernate.engine.jdbc.spi.SqlStatementLogger [http-nio-8080-exec-8] select topic0_.topic_id as topic_id1_1_0_, topic0_.author as author2_1_0_, topic0_.title as title3_1_0_, topic0_.user_id as user_id4_1_0_, user1_.user_id as user_id1_2_1_, user1_.user_login as user_log2_2_1_, user1_.user_password as user_pas3_2_1_ from public.topic topic0_ left outer join public.user user1_ on topic0_.user_id=user1_.user_id where topic0_.topic_id=?
